[0m[[0mdebug[0m] [0mRunning TaskDef(AndOrSpec, org.scalatest.tools.Framework$$anon$1@7338887b, false, [SuiteSelector])[0m
[0m[[0mdebug[0m] [0mRunning TaskDef(ArithmeticSpec, org.scalatest.tools.Framework$$anon$1@7338887b, false, [SuiteSelector])[0m
[0m[[0mdebug[0m] [0mRunning TaskDef(ComparisonSpec, org.scalatest.tools.Framework$$anon$1@7338887b, false, [SuiteSelector])[0m
[0m[[0mdebug[0m] [0mRunning TaskDef(ConstSpec, org.scalatest.tools.Framework$$anon$1@7338887b, false, [SuiteSelector])[0m
[0m[[0mdebug[0m] [0mRunning TaskDef(IfSpec, org.scalatest.tools.Framework$$anon$1@7338887b, false, [SuiteSelector])[0m
[0m[[0mdebug[0m] [0mRunning TaskDef(SeqSpec, org.scalatest.tools.Framework$$anon$1@7338887b, false, [SuiteSelector])[0m
[0m[[0mdebug[0m] [0mRunning TaskDef(UnarySpec, org.scalatest.tools.Framework$$anon$1@7338887b, false, [SuiteSelector])[0m
[0m[[0minfo[0m] [0m[36mRun completed in 717 milliseconds.[0m[0m
[0m[[0minfo[0m] [0m[36mTotal number of tests run: 32[0m[0m
[0m[[0minfo[0m] [0m[36mSuites: completed 7, aborted 0[0m[0m
[0m[[0minfo[0m] [0m[36mTests: succeeded 31, failed 1, canceled 0, ignored 0, pending 0[0m[0m
[0m[[0minfo[0m] [0m[31m*** 1 TEST FAILED ***[0m[0m
[0m[[0mdebug[0m] [0mPassed tests:[0m
[0m[[0mdebug[0m] [0m	ArithmeticSpec[0m
[0m[[0mdebug[0m] [0m	SeqSpec[0m
[0m[[0mdebug[0m] [0m	ComparisonSpec[0m
[0m[[0mdebug[0m] [0m	UnarySpec[0m
[0m[[0mdebug[0m] [0m	AndOrSpec[0m
[0m[[0mdebug[0m] [0m	IfSpec[0m
[0m[[31merror[0m] [0mFailed tests:[0m
[0m[[31merror[0m] [0m	ConstSpec[0m
[0m[[31merror[0m] [0m(lab2/test:[31mtest[0m) sbt.TestsFailedException: Tests unsuccessful[0m
